<?xml version="1.0" encoding="UTF-8"?>
<!-- Generated by org.testng.reporters.JUnitReportReporter -->
<testsuite hostname="HP-PAVILLION" failures="0" tests="1" name="testCase.loginTestCase" time="11.371" errors="0" timestamp="2021-03-04T18:01:50 IST" skipped="0">
  <testcase classname="testCase.loginTestCase" name="loginpage" time="11.371"/>
  <system-out/>
</testsuite> <!-- testCase.loginTestCase -->
