<?xml version="1.0" encoding="UTF-8"?>
<!-- Generated by org.testng.reporters.JUnitReportReporter -->
<testsuite hostname="HP-PAVILLION" failures="0" tests="1" name="testCase.loginTestCase" time="19.653" errors="0" timestamp="10 Mar 2021 15:36:59 GMT" skipped="0">
  <testcase classname="testCase.loginTestCase" name="loginpage" time="19.653"/>
</testsuite> <!-- testCase.loginTestCase -->
